0 info it worked if it ends with ok
1 verbose cli [ 'C:\\Bitnami\\meanstack-3.0.4-2\\nodejs\\\\node.exe',
1 verbose cli   'C:\\Bitnami\\meanstack-3.0.4-2\\nodejs\\node_modules\\npm\\bin\\npm-cli.js',
1 verbose cli   'start' ]
2 info using npm@1.4.3
3 info using node@v0.12.7
4 verbose node symlink C:\Bitnami\meanstack-3.0.4-2\nodejs\\node.exe
5 verbose run-script [ 'prestart', 'start', 'poststart' ]
6 info prestart SampleApp@0.0.0
7 info start SampleApp@0.0.0
8 verbose unsafe-perm in lifecycle true
9 info SampleApp@0.0.0 Failed to exec start script
10 error SampleApp@0.0.0 start: `node ./bin/www`
10 error Exit status 1
11 error Failed at the SampleApp@0.0.0 start script.
11 error This is most likely a problem with the SampleApp package,
11 error not with npm itself.
11 error Tell the author that this fails on your system:
11 error     node ./bin/www
11 error You can get their info via:
11 error     npm owner ls SampleApp
11 error There is likely additional logging output above.
12 error System Windows_NT 6.1.7601
13 error command "C:\\Bitnami\\meanstack-3.0.4-2\\nodejs\\\\node.exe" "C:\\Bitnami\\meanstack-3.0.4-2\\nodejs\\node_modules\\npm\\bin\\npm-cli.js" "start"
14 error cwd C:\Bitnami\meanstack-3.0.4-2\projects\SPARTANS\meanteam
15 error node -v v0.12.7
16 error npm -v 1.4.3
17 error code ELIFECYCLE
18 verbose exit [ 1, true ]
